2025-10-03 21:04:28,532 - INFO - Config updated.
2025-10-03 21:04:28,532 - INFO - Config loaded and migrated successfully.
2025-10-03 21:04:28,536 - INFO - Config updated.
2025-10-03 21:04:28,537 - INFO - Config loaded and migrated successfully.
2025-10-03 21:04:28,615 - INFO - Listed 4 commits for /home/yous/MyApps/test_new
2025-10-03 21:04:50,054 - INFO - Status checked for /home/yous/MyApps/test_new
2025-10-03 21:06:10,031 - INFO - Push to remote completed successfully for /home/yous/MyApps/test_new
2025-10-03 21:13:16,203 - INFO - Config updated.
2025-10-03 21:13:16,203 - INFO - Config loaded and migrated successfully.
2025-10-03 21:13:16,205 - INFO - Config updated.
2025-10-03 21:13:16,206 - INFO - Config loaded and migrated successfully.
2025-10-03 21:13:16,307 - INFO - Listed 4 commits for /home/yous/MyApps/test_new
2025-10-03 21:13:22,241 - INFO - Committed changes automatically for /home/yous/MyApps/test_new
2025-10-03 21:13:47,294 - ERROR - Error during push for /home/yous/MyApps/test_new: Cmd('git') failed due to: exit code(128)
  cmdline: git push --set-upstream origin main
  stderr: 'ssh: Could not resolve hostname github.com: Temporary failure in name resolution
fatal: Could not read from remote repository.

Please make sure you have the correct access rights
and the repository exists.'
2025-10-03 21:19:14,322 - INFO - Config updated.
2025-10-03 21:19:14,323 - INFO - Config loaded and migrated successfully.
2025-10-03 21:19:14,324 - INFO - Config updated.
2025-10-03 21:19:14,325 - INFO - Config loaded and migrated successfully.
2025-10-03 21:19:14,417 - INFO - Listed 5 commits for /home/yous/MyApps/test_new
2025-10-03 21:41:10,420 - INFO - Config updated.
2025-10-03 21:41:10,421 - INFO - Config loaded and migrated successfully.
2025-10-03 21:41:10,423 - INFO - Config updated.
2025-10-03 21:41:10,423 - INFO - Config loaded and migrated successfully.
